<?xml version="1.0" encoding="UTF-8"?>
<!-- Generated by org.testng.reporters.JUnitReportReporter -->
<testsuite hostname="HeavenOnEarths-MacBook-Air.local" failures="0" tests="5" name="com.pingidentity.TestTRMLoginUsingTestNG" time="28.660" errors="0" timestamp="20 Apr. 2019 23:22:39 GMT" skipped="0">
  <testcase classname="com.pingidentity.TestTRMLoginUsingTestNG" name="testLoginPageLoaded" time="0.019"/>
  <testcase classname="com.pingidentity.TestTRMLoginUsingTestNG" name="testLoginWithCredentials" time="5.609"/>
  <testcase classname="com.pingidentity.TestTRMLoginUsingTestNG" name="testCreateNewTask" time="11.046"/>
  <testcase classname="com.pingidentity.TestTRMLoginUsingTestNG" name="testUpdateTaskName" time="0.387"/>
  <testcase classname="com.pingidentity.TestTRMLoginUsingTestNG" name="testDeleteTaskToTrash" time="11.599"/>
</testsuite> <!-- com.pingidentity.TestTRMLoginUsingTestNG -->
